2018-03-07 03:20:36-------------------
Nguyen Chinh Thuy
2018-03-07 03:20:37-------------------
Nguyen Chinh Thuy
2018-03-07 03:20:37-------------------
Nguyen Chinh Thuy
2018-03-07 03:20:37-------------------
Nguyen Chinh Thuy
2018-03-07 03:20:37-------------------
Nguyen Chinh Thuy
2018-03-07 03:20:37-------------------
Nguyen Chinh Thuy
2018-03-07 03:20:38-------------------
Nguyen Chinh Thuy
2018-03-07 03:20:40-------------------
Nguyen Chinh Thuy
2018-03-07 03:20:44-------------------
Nguyen Chinh Thuy
2018-03-07 03:20:44-------------------
Nguyen Chinh Thuy
2018-03-07 03:20:44-------------------
Nguyen Chinh Thuy
2018-03-07 03:20:46-------------------
Nguyen Chinh Thuy
2018-03-07 03:20:46-------------------
Nguyen Chinh Thuy
2018-03-07 03:20:46-------------------
Nguyen Chinh Thuy
2018-03-07 03:20:47-------------------
Nguyen Chinh Thuy
2018-03-07 03:20:47-------------------
Nguyen Chinh Thuy
2018-03-07 03:20:47-------------------
Nguyen Chinh Thuy
2018-03-07 03:20:47-------------------
Nguyen Chinh Thuy
2018-03-07 03:20:47-------------------
Nguyen Chinh Thuy
2018-03-07 03:20:47-------------------
Nguyen Chinh Thuy
2018-03-07 03:20:48-------------------
Nguyen Chinh Thuy
2018-03-07 03:20:48-------------------
Nguyen Chinh Thuy
2018-03-07 03:20:48-------------------
Nguyen Chinh Thuy
2018-03-07 03:20:48-------------------
Nguyen Chinh Thuy
2018-03-07 03:20:48-------------------
Nguyen Chinh Thuy
2018-03-07 03:20:48-------------------
Nguyen Chinh Thuy
2018-03-09 10:23:05-------------------
Nguyen Chinh Thuy
2018-03-09 10:23:05-------------------
Nguyen Chinh Thuy
2018-03-09 10:23:06-------------------
Nguyen Chinh Thuy
2018-03-09 10:23:06-------------------
Nguyen Chinh Thuy
2018-03-09 10:23:06-------------------
Nguyen Chinh Thuy
2018-03-09 10:23:06-------------------
Nguyen Chinh Thuy
2018-03-09 10:23:06-------------------
Nguyen Chinh Thuy
2018-03-09 10:24:08-------------------
Thuy
2018-03-09 10:24:08-------------------
Thuy
2018-03-09 10:24:09-------------------
Thuy
2018-03-09 10:24:09-------------------
Thuy
2018-03-09 10:24:09-------------------
Thuy
2018-03-09 10:24:09-------------------
Thuy
2018-03-09 10:24:09-------------------
Thuy
2018-03-09 10:24:10-------------------
Thuy
2018-03-09 10:24:10-------------------
Thuy
2018-03-09 10:24:11-------------------
Thuy
2018-03-09 10:24:12-------------------
Thuy
2018-03-09 10:24:12-------------------
Thuy
2018-03-09 10:24:12-------------------
Thuy
2018-03-09 10:24:12-------------------
Thuy
2018-03-09 10:24:12-------------------
Thuy
2018-03-09 10:24:13-------------------
Thuy
2018-03-09 10:24:13-------------------
Thuy
2018-03-09 10:24:13-------------------
Thuy
2018-03-09 10:24:13-------------------
Thuy
2018-03-09 10:24:13-------------------
Thuy
2018-03-09 10:24:13-------------------
Thuy
2018-03-09 10:24:14-------------------
Thuy
2018-03-09 10:24:14-------------------
Thuy
2018-03-09 10:24:14-------------------
Thuy
2018-03-09 10:24:15-------------------
Thuy
2018-03-09 10:24:22-------------------
alm
2018-03-09 10:24:23-------------------
alm
2018-03-09 10:24:23-------------------
alm
2018-03-09 10:24:23-------------------
alm
2018-03-09 10:24:23-------------------
alm
2018-03-09 10:24:23-------------------
alm
2018-03-09 10:24:23-------------------
alm
2018-03-09 10:24:23-------------------
alm
2018-03-09 10:24:24-------------------
alm
2018-03-09 10:24:24-------------------
alm
2018-03-09 10:24:24-------------------
alm
2018-03-09 10:24:24-------------------
alm
2018-03-09 10:24:24-------------------
alm
2018-03-09 10:24:25-------------------
alm
2018-03-09 10:24:37-------------------
alm
2018-03-09 10:24:38-------------------
alm
2018-03-09 10:24:38-------------------
alm
2018-03-09 10:24:38-------------------
alm
2018-03-09 10:24:38-------------------
alm
2018-03-09 10:24:38-------------------
alm
2018-03-09 10:24:39-------------------
alm
2018-03-09 10:24:39-------------------
alm
2018-03-09 10:24:39-------------------
alm
2018-03-09 10:24:40-------------------
Thuy
2018-03-09 10:24:40-------------------
1
2018-03-09 10:24:40-------------------
Thuy
2018-03-09 10:24:40-------------------
alm
2018-03-09 10:24:41-------------------
alm
2018-03-09 10:24:41-------------------
alm
2018-03-09 10:24:41-------------------
alm
2018-03-09 10:24:42-------------------
alm
2018-03-09 10:24:42-------------------
alm
2018-03-09 10:24:42-------------------
Thuy
2018-03-09 10:24:42-------------------
Thuy
2018-03-09 10:24:42-------------------
alm
2018-03-09 10:24:43-------------------
alm
2018-03-09 10:24:43-------------------
alm
2018-03-09 10:24:43-------------------
alm
2018-03-09 10:24:43-------------------
alm
2018-03-09 10:24:44-------------------
alm
2018-03-09 10:24:44-------------------
alm
2018-03-09 10:24:44-------------------
alm
2018-03-09 10:24:44-------------------
alm
2018-03-09 10:24:44-------------------
alm
2018-03-09 10:24:44-------------------
alm
2018-03-09 10:24:45-------------------
alm
2018-03-09 10:24:45-------------------
alm
2018-03-09 10:24:46-------------------
alm
2018-03-09 10:24:46-------------------
alm
2018-03-09 10:24:46-------------------
alm
