2018-03-09 10:25:39-------------------
112
2018-03-09 10:25:44-------------------
Thuy
2018-03-09 10:25:45-------------------
Thuy
2018-03-09 10:25:45-------------------
Thuy
2018-03-09 10:25:45-------------------
Thuy
2018-03-09 10:25:45-------------------
1
2018-03-09 10:25:46-------------------
1212
2018-03-09 10:25:46-------------------
1212
2018-03-09 10:25:50-------------------
112
2018-03-09 10:25:50-------------------
Thuy
2018-03-09 10:26:19-------------------
Thuy
2018-03-09 10:26:20-------------------
Thuy
2018-03-09 10:26:20-------------------
iji
2018-03-09 10:26:24-------------------
bjnj
2018-03-09 10:26:25-------------------
bjnj
2018-03-09 10:26:25-------------------
bjnj
2018-03-09 10:26:26-------------------
bjnj
2018-03-09 10:26:26-------------------
bjnj
2018-03-09 10:26:26-------------------
bjnj
2018-03-09 10:26:26-------------------
bjnj
2018-03-09 10:26:30-------------------
bjnj
2018-03-09 10:26:30-------------------
bjnj
2018-03-09 10:26:31-------------------
bjnj
2018-03-09 10:26:31-------------------
bjnj
2018-03-09 10:26:31-------------------
bjnj
2018-03-09 10:26:32-------------------
bjnj
2018-03-09 10:26:32-------------------
bjnj
2018-03-09 10:26:32-------------------
bjnj
2018-03-09 10:26:32-------------------
bjnj
2018-03-09 10:26:34-------------------
iji
2018-03-09 10:26:38-------------------
bjnj
2018-03-09 10:26:38-------------------
bjnj
2018-03-09 10:26:38-------------------
bjnj
2018-03-09 10:26:38-------------------
bjnj
2018-03-09 10:26:38-------------------
bjnj
2018-03-09 10:26:41-------------------
mkmk
2018-03-09 10:26:41-------------------
mkmk
2018-03-09 10:26:41-------------------
bjnj
2018-03-09 10:26:41-------------------
mkmk
2018-03-09 10:26:44-------------------
mkmk
2018-03-09 10:26:44-------------------
mkmk
2018-03-09 10:26:44-------------------
mkmk
2018-03-09 10:26:44-------------------
mkmk
2018-03-09 10:26:44-------------------
mkmk
2018-03-09 10:26:44-------------------
mkmk
2018-03-09 10:26:45-------------------
mkmk
2018-03-09 10:26:45-------------------
mkmk
2018-03-09 10:26:45-------------------
mkmk
2018-03-09 10:26:45-------------------
mkmk
2018-03-09 10:26:45-------------------
mkmk
2018-03-09 10:26:45-------------------
mkmk
2018-03-09 10:26:45-------------------
mkmk
2018-03-09 10:26:45-------------------
mkmk
2018-03-09 10:26:46-------------------
mkmk
2018-03-09 10:26:46-------------------
mkmk
2018-03-09 10:26:46-------------------
mkmk
2018-03-09 10:26:46-------------------
mkmk
2018-03-09 10:26:46-------------------
mkmk
2018-03-09 10:26:46-------------------
mkmk
2018-03-09 10:26:46-------------------
mkmk
2018-03-09 10:26:46-------------------
mkmk
2018-03-09 10:26:46-------------------
mkmk
2018-03-09 10:26:47-------------------
mkmk
2018-03-09 10:26:47-------------------
mkmk
2018-03-09 10:26:47-------------------
mkmk
2018-03-09 10:26:47-------------------
mkmk
2018-03-09 10:26:47-------------------
bjnj
2018-03-09 10:26:47-------------------
mkmk
2018-03-09 10:26:47-------------------
mkmk
2018-03-09 10:26:47-------------------
mkmk
2018-03-09 10:26:47-------------------
mkmk
2018-03-09 10:26:48-------------------
mkmk
2018-03-09 10:26:48-------------------
mkmk
2018-03-09 10:26:48-------------------
bjnj
2018-03-09 10:26:48-------------------
mkmk
2018-03-09 10:26:48-------------------
mkmk
2018-03-09 10:26:48-------------------
mkmk
2018-03-09 10:26:48-------------------
mkmk
2018-03-09 10:26:48-------------------
mkmk
2018-03-09 10:26:49-------------------
mkmk
2018-03-09 10:26:49-------------------
mkmk
2018-03-09 10:26:49-------------------
mkmk
2018-03-09 10:26:49-------------------
mkmk
2018-03-09 10:26:49-------------------
mkmk
2018-03-09 10:26:49-------------------
mkmk
2018-03-09 10:26:49-------------------
mkmk
2018-03-09 10:26:59-------------------
mkmk
2018-03-09 10:26:59-------------------
mkmk
2018-03-09 10:26:59-------------------
mkmk
2018-03-09 10:26:59-------------------
jiji
2018-03-09 10:26:59-------------------
mkmk
2018-03-09 10:26:59-------------------
1212
2018-03-09 10:26:59-------------------
112
2018-03-09 10:27:00-------------------
112
2018-03-09 10:27:00-------------------
112
2018-03-09 10:27:00-------------------
112
2018-03-09 10:27:00-------------------
Thuy
2018-03-09 10:27:00-------------------
112
2018-03-09 10:27:00-------------------
Thuy
2018-03-09 10:27:17-------------------
bjnj
2018-03-09 10:27:17-------------------
bjnj
2018-03-09 10:27:18-------------------
bjnj
2018-03-09 10:27:18-------------------
bjnj
2018-03-09 10:27:18-------------------
iji
2018-03-09 10:27:18-------------------
bjnj
2018-03-09 10:27:35-------------------
Thuy
2018-03-09 10:27:35-------------------
Thuy
2018-03-09 10:27:38-------------------
112
2018-03-09 10:27:38-------------------
112
2018-03-09 10:27:38-------------------
112
2018-03-09 10:27:38-------------------
112
2018-03-09 10:27:38-------------------
112
2018-03-09 10:27:38-------------------
112
2018-03-09 10:27:39-------------------
112
2018-03-09 10:27:39-------------------
112
2018-03-09 10:27:39-------------------
112
2018-03-09 10:27:39-------------------
112
