2018-03-09 10:27:39-------------------
112
2018-03-09 10:27:39-------------------
112
2018-03-09 10:27:39-------------------
Thuy
2018-03-09 10:27:39-------------------
112
2018-03-09 10:27:40-------------------
112
2018-03-09 10:27:40-------------------
112
2018-03-09 10:27:40-------------------
112
2018-03-09 10:27:41-------------------
112
2018-03-09 10:27:41-------------------
112
2018-03-09 10:27:44-------------------
alm
2018-03-09 10:27:45-------------------
alm
2018-03-09 10:27:45-------------------
alm
2018-03-09 10:27:45-------------------
alm
2018-03-09 10:27:45-------------------
alm
2018-03-09 10:27:46-------------------
112
2018-03-09 10:27:46-------------------
alm
2018-03-09 10:27:46-------------------
alm
2018-03-09 10:27:46-------------------
alm
2018-03-09 10:27:46-------------------
alm
2018-03-09 10:27:47-------------------
alm
2018-03-09 10:27:47-------------------
alm
2018-03-09 10:27:47-------------------
alm
2018-03-09 10:27:47-------------------
alm
2018-03-09 10:27:47-------------------
alm
2018-03-09 10:27:47-------------------
alm
2018-03-09 10:27:48-------------------
alm
2018-03-09 10:27:48-------------------
112
2018-03-09 10:27:48-------------------
112
2018-03-09 10:27:48-------------------
alm
2018-03-09 10:27:48-------------------
alm
2018-03-09 10:27:48-------------------
alm
2018-03-09 10:27:49-------------------
112
2018-03-09 10:27:49-------------------
112
2018-03-09 10:27:49-------------------
112
2018-03-09 10:27:49-------------------
112
2018-03-09 10:27:50-------------------
112
2018-03-09 10:27:50-------------------
alm
2018-03-09 10:27:50-------------------
112
2018-03-09 10:27:50-------------------
112
2018-03-09 10:27:51-------------------
112
2018-03-09 10:27:51-------------------
112
2018-03-09 10:27:54-------------------
112
2018-03-09 10:27:54-------------------
112
2018-03-09 10:27:54-------------------
112
2018-03-09 10:27:54-------------------
112
2018-03-09 10:28:14-------------------
jiol
2018-03-09 10:28:14-------------------
jiol
2018-03-09 10:28:15-------------------
jiol
2018-03-09 10:28:15-------------------
jiol
2018-03-09 10:28:15-------------------
jiol
2018-03-09 10:28:15-------------------
jiol
2018-03-09 10:28:15-------------------
jiol
2018-03-09 10:28:16-------------------
jiol
2018-03-09 10:28:18-------------------
jiol
2018-03-09 10:28:20-------------------
jiol
2018-03-09 10:28:20-------------------
jiol
2018-03-09 10:28:20-------------------
jiol
2018-03-09 10:28:21-------------------
jiol
2018-03-09 10:28:22-------------------
jiol
2018-03-09 10:28:24-------------------
Thuy
2018-03-09 10:28:29-------------------
jiol
2018-03-09 10:28:29-------------------
jiol
2018-03-09 10:28:30-------------------
jiol
2018-03-09 10:28:31-------------------
jiol
2018-03-09 10:28:31-------------------
jiol
2018-03-09 10:28:31-------------------
jiol
2018-03-09 10:28:31-------------------
jiol
2018-03-09 10:28:32-------------------
jiol
2018-03-09 10:28:32-------------------
jiol
2018-03-09 10:28:32-------------------
jiol
2018-03-09 10:28:32-------------------
jiol
2018-03-09 10:28:32-------------------
jiol
2018-03-09 10:28:32-------------------
jiol
2018-03-09 10:28:44-------------------
112
2018-03-09 10:28:58-------------------
1
2018-03-09 10:28:58-------------------
1
2018-03-09 10:28:58-------------------
1
2018-03-09 10:28:58-------------------
1
2018-03-09 10:28:58-------------------
1212
2018-03-09 10:28:58-------------------
alm
2018-03-09 10:28:59-------------------
alm
2018-03-09 10:28:59-------------------
alm
2018-03-09 10:28:59-------------------
alm
2018-03-09 10:28:59-------------------
alm
2018-03-09 10:28:59-------------------
alm
2018-03-09 10:28:59-------------------
alm
2018-03-09 10:29:00-------------------
alm
2018-03-09 10:29:00-------------------
1212
2018-03-09 10:29:00-------------------
1
2018-03-09 10:29:00-------------------
alm
2018-03-09 10:29:02-------------------
hujik
2018-03-09 10:29:02-------------------
hujik
2018-03-09 10:29:03-------------------
hujik
2018-03-09 10:29:03-------------------
hujik
2018-03-09 10:29:03-------------------
hujik
2018-03-09 10:29:03-------------------
hujik
2018-03-09 10:29:03-------------------
hujik
2018-03-09 10:29:03-------------------
hujik
2018-03-09 10:29:03-------------------
hujik
2018-03-09 10:29:04-------------------
difi9sef]
2018-03-09 10:29:13-------------------
njnj
2018-03-09 10:29:13-------------------
1
2018-03-09 10:29:14-------------------
112
2018-03-09 10:29:19-------------------
1
2018-03-09 10:29:20-------------------
alm
2018-03-09 10:29:20-------------------
alm
2018-03-09 10:29:20-------------------
Thuy
2018-03-09 10:29:20-------------------
Thuy
2018-03-09 10:29:20-------------------
Thuy
2018-03-09 10:29:20-------------------
njnj
2018-03-09 10:29:21-------------------
Thuy
2018-03-09 10:29:21-------------------
Thuy
2018-03-09 10:29:21-------------------
njnj
2018-03-09 10:29:26-------------------
alm
2018-03-09 10:29:28-------------------
njnj
2018-03-09 10:29:28-------------------
njnj
2018-03-09 10:29:33-------------------
Thuy
2018-03-09 10:29:34-------------------
Thuy
