2018-03-09 10:29:34-------------------
Thuy
2018-03-09 10:29:35-------------------
alm
2018-03-09 10:29:35-------------------
Thuy
2018-03-09 10:29:36-------------------
njnj
2018-03-09 10:29:36-------------------
njnj
2018-03-09 10:29:36-------------------
Thuy
2018-03-09 10:29:37-------------------
Thuy
2018-03-09 10:29:38-------------------
1
2018-03-09 10:29:38-------------------
njnj
2018-03-09 10:29:40-------------------
Thuy
2018-03-09 10:29:41-------------------
njnj
2018-03-09 10:29:41-------------------
njnj
2018-03-09 10:29:41-------------------
njnj
2018-03-09 10:29:49-------------------
m,k
2018-03-09 10:29:49-------------------
m,k
2018-03-09 10:29:49-------------------
m,k
2018-03-09 10:29:50-------------------
alm
2018-03-09 10:29:50-------------------
alm
2018-03-09 10:29:50-------------------
alm
2018-03-09 10:29:50-------------------
alm
2018-03-09 10:29:50-------------------
alm
2018-03-09 10:29:50-------------------
alm
2018-03-09 10:29:50-------------------
alm
2018-03-09 10:29:51-------------------
alm
2018-03-09 10:29:51-------------------
alm
2018-03-09 10:29:51-------------------
alm
2018-03-09 10:29:51-------------------
alm
2018-03-09 10:29:51-------------------
alm
2018-03-09 10:29:51-------------------
alm
2018-03-09 10:29:52-------------------
m,k
2018-03-09 10:29:53-------------------
1
2018-03-09 10:29:53-------------------
1
2018-03-09 10:29:53-------------------
alm
2018-03-09 10:29:53-------------------
alm
2018-03-09 10:29:53-------------------
m,k
2018-03-09 10:29:53-------------------
m,k
2018-03-09 10:29:53-------------------
alm
2018-03-09 10:29:54-------------------
alm
2018-03-09 10:29:54-------------------
alm
2018-03-09 10:29:54-------------------
m,k
2018-03-09 10:29:54-------------------
m,k
2018-03-09 10:29:58-------------------
ijim
2018-03-09 10:29:59-------------------
alm
2018-03-09 10:29:59-------------------
alm
2018-03-09 10:29:59-------------------
ijim
2018-03-09 10:29:59-------------------
1
2018-03-09 10:29:59-------------------
1
2018-03-09 10:29:59-------------------
1
2018-03-09 10:30:00-------------------
alm
2018-03-09 10:30:00-------------------
1
2018-03-09 10:30:00-------------------
m,k
2018-03-09 10:30:02-------------------
ijim
2018-03-09 10:30:09-------------------
ijim
2018-03-09 10:30:09-------------------
ijim
2018-03-09 10:30:09-------------------
ijim
2018-03-09 10:30:09-------------------
ijim
2018-03-09 10:30:09-------------------
ijim
2018-03-09 10:30:09-------------------
ijim
2018-03-09 10:30:09-------------------
ijim
2018-03-09 10:30:09-------------------
ijim
2018-03-09 10:30:28-------------------
km,l\\
2018-03-09 10:30:29-------------------
km,l\\
2018-03-09 10:30:29-------------------
km,l\\
2018-03-09 10:30:29-------------------
km,l\\
2018-03-09 10:30:51-------------------
alm
2018-03-09 10:30:52-------------------
m,k
2018-03-09 10:31:25-------------------
alm (86th copy)
2018-03-09 10:31:26-------------------
112 (copy)
2018-03-09 10:31:26-------------------
m,k (copy)
2018-03-09 10:31:26-------------------
alm (86th copy)
2018-03-09 10:31:26-------------------
m,k (copy)
2018-03-09 10:31:27-------------------
alm (86th copy)
2018-03-09 10:31:27-------------------
m,k (copy)
2018-03-09 10:31:27-------------------
m,k (copy)
2018-03-09 10:31:27-------------------
m,k (copy)
2018-03-09 10:31:27-------------------
112 (copy)
2018-03-09 10:31:28-------------------
112 (copy)
2018-03-09 10:31:28-------------------
112 (copy)
2018-03-09 10:31:28-------------------
112 (copy)
2018-03-09 10:31:28-------------------
112 (copy)
2018-03-09 10:31:28-------------------
112 (copy)
2018-03-09 10:31:29-------------------
112 (copy)
2018-03-09 10:31:29-------------------
112 (copy)
2018-03-09 10:31:29-------------------
112 (copy)
2018-03-09 10:31:29-------------------
112 (copy)
2018-03-09 10:31:29-------------------
112 (copy)
2018-03-09 10:31:29-------------------
112 (copy)
2018-03-09 10:31:30-------------------
112 (copy)
2018-03-09 10:31:30-------------------
112 (copy)
2018-03-09 10:31:30-------------------
112 (copy)
2018-03-09 10:31:30-------------------
112 (copy)
2018-03-09 10:31:30-------------------
112 (copy)
2018-03-09 10:31:30-------------------
112 (copy)
2018-03-09 10:31:31-------------------
alm (86th copy)
2018-03-09 10:31:31-------------------
alm (86th copy)
2018-03-09 10:31:31-------------------
alm (86th copy)
2018-03-09 10:31:31-------------------
112 (copy)
2018-03-09 10:31:32-------------------
112 (copy)
2018-03-09 10:31:32-------------------
112 (copy)
2018-03-09 10:31:32-------------------
alm (86th copy)
2018-03-09 10:31:32-------------------
alm (86th copy)
2018-03-09 10:31:34-------------------
alm (86th copy)
2018-03-09 10:31:34-------------------
alm (86th copy)
2018-03-09 10:31:34-------------------
alm (86th copy)
2018-03-09 10:31:35-------------------
112 (copy)
2018-03-09 10:31:35-------------------
112 (copy)
2018-03-09 10:31:35-------------------
112 (copy)
2018-03-09 10:31:36-------------------
112 (copy)
2018-03-09 10:31:36-------------------
112 (copy)
2018-03-09 10:31:36-------------------
112 (copy)
2018-03-09 10:31:36-------------------
112 (copy)
