2018-03-09 10:31:36-------------------
112 (copy)
2018-03-09 10:31:36-------------------
112 (copy)
2018-03-09 10:31:37-------------------
lam (129th copy)
2018-03-09 10:31:37-------------------
m,k (copy)
2018-03-09 10:31:37-------------------
alm (86th copy)
2018-03-09 10:31:37-------------------
alm (86th copy)
2018-03-09 10:31:38-------------------
alm (86th copy)
2018-03-09 10:31:38-------------------
alm (86th copy)
2018-03-09 10:31:38-------------------
alm (86th copy)
2018-03-09 10:31:39-------------------
alm (86th copy)
2018-03-09 10:31:39-------------------
alm (86th copy)
2018-03-09 10:31:40-------------------
alm (86th copy)
2018-03-09 10:31:41-------------------
m,k (copy)
2018-03-09 10:31:42-------------------
lam (129th copy)
2018-03-09 10:31:42-------------------
alm (86th copy)
2018-03-09 10:31:43-------------------
alm (86th copy)
2018-03-09 10:31:43-------------------
alm (86th copy)
2018-03-09 10:31:43-------------------
alm (86th copy)
2018-03-09 10:31:44-------------------
njnj (24th copy)
2018-03-09 10:31:44-------------------
alm (86th copy)
2018-03-09 10:31:44-------------------
1 (11th copy)
2018-03-09 10:31:46-------------------
112 (copy)
2018-03-09 10:31:46-------------------
alm (86th copy)
2018-03-09 10:31:47-------------------
1 (11th copy)
2018-03-09 10:31:47-------------------
alm (86th copy)
2018-03-09 10:31:48-------------------
opko;
2018-03-09 10:31:50-------------------
1 (11th copy)
2018-03-09 10:31:50-------------------
alm (86th copy)
2018-03-09 10:31:50-------------------
1 (11th copy)
2018-03-09 10:31:50-------------------
lam (129th copy)
2018-03-09 10:31:51-------------------
1 (11th copy)
2018-03-09 10:31:51-------------------
1 (11th copy)
2018-03-09 10:31:51-------------------
1 (11th copy)
2018-03-09 10:31:51-------------------
1 (11th copy)
2018-03-09 10:31:51-------------------
1 (11th copy)
2018-03-09 10:31:52-------------------
1 (11th copy)
2018-03-09 10:31:52-------------------
njnj (24th copy)
2018-03-09 10:31:52-------------------
alm (86th copy)
2018-03-09 10:31:53-------------------
alm (86th copy)
2018-03-09 10:31:53-------------------
112 (copy)
2018-03-09 10:31:53-------------------
112 (copy)
2018-03-09 10:31:53-------------------
112 (copy)
2018-03-09 10:31:53-------------------
112 (copy)
2018-03-09 10:31:53-------------------
112 (copy)
2018-03-09 10:31:54-------------------
112 (copy)
2018-03-09 10:31:54-------------------
112 (copy)
2018-03-09 10:31:54-------------------
112 (copy)
2018-03-09 10:31:54-------------------
112 (copy)
2018-03-09 10:31:55-------------------
112 (copy)
2018-03-09 10:31:55-------------------
112 (copy)
2018-03-09 10:31:55-------------------
112 (copy)
2018-03-09 10:31:55-------------------
112 (copy)
2018-03-09 10:31:55-------------------
m,k (copy)
2018-03-09 10:31:56-------------------
1 (11th copy)
2018-03-09 10:31:56-------------------
njnj (24th copy)
2018-03-09 10:31:56-------------------
njnj (24th copy)
2018-03-09 10:31:56-------------------
njnj (24th copy)
2018-03-09 10:31:56-------------------
1 (11th copy)
2018-03-09 10:31:58-------------------
njnj (24th copy)
2018-03-09 10:31:58-------------------
1 (11th copy)
2018-03-09 10:31:58-------------------
1 (11th copy)
2018-03-09 10:31:59-------------------
opko;
2018-03-09 10:31:59-------------------
alm (86th copy)
2018-03-09 10:32:00-------------------
112 (copy)
2018-03-09 10:32:00-------------------
112 (copy)
2018-03-09 10:32:00-------------------
112 (copy)
2018-03-09 10:32:01-------------------
112 (copy)
2018-03-09 10:32:01-------------------
alm (86th copy)
2018-03-09 10:32:01-------------------
m,k (copy)
2018-03-09 10:32:01-------------------
m,k (copy)
2018-03-09 10:32:01-------------------
njnj (24th copy)
2018-03-09 10:32:01-------------------
alm (86th copy)
2018-03-09 10:32:02-------------------
difi9sef] (129th copy)
2018-03-09 10:32:02-------------------
1 (11th copy)
2018-03-09 10:32:02-------------------
njnj (24th copy)
2018-03-09 10:32:02-------------------
njnj (24th copy)
2018-03-09 10:32:02-------------------
alm (86th copy)
2018-03-09 10:32:02-------------------
alm (86th copy)
2018-03-09 10:32:03-------------------
njnj (24th copy)
2018-03-09 10:32:03-------------------
m,k (copy)
2018-03-09 10:32:03-------------------
112 (copy)
2018-03-09 10:32:03-------------------
lam (129th copy)
2018-03-09 10:32:03-------------------
lam (129th copy)
2018-03-09 10:32:04-------------------
lam (129th copy)
2018-03-09 10:32:04-------------------
112 (copy)
2018-03-09 10:32:04-------------------
lam (129th copy)
2018-03-09 10:32:04-------------------
difi9sef] (129th copy)
2018-03-09 10:32:04-------------------
112 (copy)
2018-03-09 10:32:04-------------------
alm (86th copy)
2018-03-09 10:32:04-------------------
alm (86th copy)
2018-03-09 10:32:05-------------------
1 (11th copy)
2018-03-09 10:32:05-------------------
1 (11th copy)
2018-03-09 10:32:05-------------------
njnj (24th copy)
2018-03-09 10:32:05-------------------
112 (copy)
2018-03-09 10:32:06-------------------
112 (copy)
2018-03-09 10:32:06-------------------
m,k (copy)
2018-03-09 10:32:06-------------------
112 (copy)
