2018-03-09 10:32:06-------------------
112 (copy)
2018-03-09 10:32:06-------------------
112 (copy)
2018-03-09 10:32:07-------------------
m,k (copy)
2018-03-09 10:32:07-------------------
lam (129th copy)
2018-03-09 10:32:07-------------------
112 (copy)
2018-03-09 10:32:08-------------------
m,k (copy)
2018-03-09 10:32:08-------------------
m,k (copy)
2018-03-09 10:32:08-------------------
njnj (24th copy)
2018-03-09 10:32:08-------------------
lam (129th copy)
2018-03-09 10:32:08-------------------
m,k (copy)
2018-03-09 10:32:09-------------------
m,k (copy)
2018-03-09 10:32:09-------------------
alm (86th copy)
2018-03-09 10:32:09-------------------
lam (129th copy)
2018-03-09 10:32:10-------------------
m,k (copy)
2018-03-09 10:32:11-------------------
njnj (24th copy)
2018-03-09 10:32:11-------------------
njnj (24th copy)
2018-03-09 10:32:12-------------------
1 (11th copy)
2018-03-09 10:32:12-------------------
1 (11th copy)
2018-03-09 10:32:12-------------------
njnj (24th copy)
2018-03-09 10:32:12-------------------
1 (11th copy)
2018-03-09 10:32:12-------------------
njnj (24th copy)
2018-03-09 10:32:14-------------------
112 (copy)
2018-03-09 10:32:14-------------------
112 (copy)
2018-03-09 10:32:14-------------------
112 (copy)
2018-03-09 10:32:14-------------------
112 (copy)
2018-03-09 10:32:14-------------------
112 (copy)
2018-03-09 10:32:14-------------------
112 (copy)
2018-03-09 10:32:15-------------------
m,k (copy)
2018-03-09 10:32:15-------------------
112 (copy)
2018-03-09 10:32:15-------------------
m,k (copy)
2018-03-09 10:32:16-------------------
112 (copy)
2018-03-09 10:32:16-------------------
112 (copy)
2018-03-09 10:32:16-------------------
112 (copy)
2018-03-09 10:32:16-------------------
112 (copy)
2018-03-09 10:32:16-------------------
112 (copy)
2018-03-09 10:32:17-------------------
1 (11th copy)
2018-03-09 10:32:17-------------------
alm (86th copy)
2018-03-09 10:32:17-------------------
njnj (24th copy)
2018-03-09 10:32:17-------------------
njnj (24th copy)
2018-03-09 10:32:17-------------------
njnj (24th copy)
2018-03-09 10:32:18-------------------
alm (86th copy)
2018-03-09 10:32:18-------------------
njnj (24th copy)
2018-03-09 10:32:18-------------------
njnj (24th copy)
2018-03-09 10:32:18-------------------
1 (11th copy)
2018-03-09 10:32:21-------------------
njnj (24th copy)
2018-03-09 10:32:21-------------------
alm (86th copy)
2018-03-09 10:32:22-------------------
112 (copy)
2018-03-09 10:32:22-------------------
alm (86th copy)
2018-03-09 10:32:22-------------------
alm (86th copy)
2018-03-09 10:32:23-------------------
112 (copy)
2018-03-09 10:32:23-------------------
112 (copy)
2018-03-09 10:32:23-------------------
112 (copy)
2018-03-09 10:32:23-------------------
112 (copy)
2018-03-09 10:32:24-------------------
112 (copy)
2018-03-09 10:32:24-------------------
112 (copy)
2018-03-09 10:32:24-------------------
112 (copy)
2018-03-09 10:32:25-------------------
112 (copy)
2018-03-09 10:32:25-------------------
112 (copy)
2018-03-09 10:32:25-------------------
112 (copy)
2018-03-09 10:32:26-------------------
112 (copy)
2018-03-09 10:32:26-------------------
112 (copy)
2018-03-09 10:32:26-------------------
112 (copy)
2018-03-09 10:32:30-------------------
112 (copy)
2018-03-09 10:32:30-------------------
112 (copy)
2018-03-09 10:32:30-------------------
112 (copy)
2018-03-09 10:32:30-------------------
112 (copy)
2018-03-09 10:32:31-------------------
112 (copy)
2018-03-09 10:32:31-------------------
112 (copy)
2018-03-09 10:32:31-------------------
112 (copy)
2018-03-09 10:32:31-------------------
112 (copy)
2018-03-09 10:32:31-------------------
112 (copy)
2018-03-09 10:32:31-------------------
112 (copy)
2018-03-09 10:32:34-------------------
112 (copy)
2018-03-09 10:32:35-------------------
112 (copy)
2018-03-09 10:32:35-------------------
112 (copy)
2018-03-09 10:32:35-------------------
112 (copy)
2018-03-09 10:32:35-------------------
m,k (copy)
2018-03-09 10:32:35-------------------
112 (copy)
2018-03-09 10:32:35-------------------
112 (copy)
2018-03-09 10:32:35-------------------
112 (copy)
2018-03-09 10:32:36-------------------
112 (copy)
2018-03-09 10:32:36-------------------
112 (copy)
2018-03-09 10:32:36-------------------
112 (copy)
2018-03-09 10:32:36-------------------
112 (copy)
2018-03-09 10:32:36-------------------
112 (copy)
2018-03-09 10:32:36-------------------
112 (copy)
2018-03-09 10:32:36-------------------
112 (copy)
2018-03-09 10:32:37-------------------
112 (copy)
2018-03-09 10:32:37-------------------
njnj (24th copy)
2018-03-09 10:32:37-------------------
njnj (24th copy)
2018-03-09 10:32:38-------------------
m,k (copy)
2018-03-09 10:32:38-------------------
112 (copy)
2018-03-09 10:32:38-------------------
112 (copy)
2018-03-09 10:32:39-------------------
112 (copy)
2018-03-09 10:32:39-------------------
112 (copy)
2018-03-09 10:32:39-------------------
m,k (copy)
2018-03-09 10:32:39-------------------
m,k (copy)
2018-03-09 10:32:41-------------------
lam (129th copy)
2018-03-09 10:32:41-------------------
lam (129th copy)
2018-03-09 10:32:41-------------------
m,k (copy)
